             Virus              | Avg_Recover_Time (Days) 
--------------------------------+-------------------------
 MERS-CoV                       |   1480.5000000000000000
 SARS-CoV                       |   1513.5000000000000000
 Human immunodeficiency viruses |    570.5000000000000000
 Ebola virus                    |    433.6666666666666667
 COVID-19                       |    124.5000000000000000
 Zika virus                     |    471.5000000000000000
(6 rows)

                 Research Institute                  |    Country    |                        Address                         
-----------------------------------------------------+---------------+--------------------------------------------------------
 Columbia University Irving Medical Center           | United States | 622 W 168th St, New York, NY 10032, Vereinigte Staaten
 The University of Texas Southwestern Medical Center | United States | 5323 Harry Hines Blvd., Dallas, Texas 75390
(2 rows)

             Virus              | Symptom  |  P (Virus | Symptom)   
--------------------------------+----------+------------------------
 Ebola virus                    | Cough    | 0.40000000000000000000
 COVID-19                       | Cough    | 0.20000000000000000000
 Human immunodeficiency viruses | Headache | 0.50000000000000000000
 Zika virus                     | Cough    | 0.20000000000000000000
 MERS-CoV                       | Cough    | 0.20000000000000000000
 Ebola virus                    | Headache | 0.50000000000000000000
 COVID-19                       | Fever    | 0.25000000000000000000
 Ebola virus                    | Fever    | 0.37500000000000000000
 Zika virus                     | Fever    | 0.37500000000000000000
(9 rows)

             Virus              |  Nationality  |       Death Rate       
--------------------------------+---------------+------------------------
 COVID-19                       | China         | 0.36363636363636363636
 MERS-CoV                       | China         | 0.50000000000000000000
 SARS-CoV                       | China         | 1.00000000000000000000
 SARS-CoV                       | United States | 0.25000000000000000000
 Ebola virus                    | China         | 0.75000000000000000000
 Human immunodeficiency viruses | Taiwan        | 1.00000000000000000000
 Zika virus                     | China         | 0.14285714285714285714
 Zika virus                     | United States | 1.00000000000000000000
(8 rows)

             Virus              |    Country    | First Outbreak Date 
--------------------------------+---------------+---------------------
 Human immunodeficiency viruses | United States | 2004-01-29
 Human immunodeficiency viruses | Germany       | 2019-06-12
 MERS-CoV                       | China         | 2005-01-06
 Human immunodeficiency viruses | China         | 2013-12-05
 SARS-CoV                       | United States | 2010-02-06
 Human immunodeficiency viruses | Iran          | 2012-02-19
 Ebola virus                    | China         | 2019-11-04
 Ebola virus                    | Nigeria       | 2012-02-19
 COVID-19                       | Iran          | 2019-08-16
 Human immunodeficiency viruses | Brazil        | 2007-02-02
(10 rows)

